<?xml version="1.0" encoding="UTF-8"?>
<testng-results ignored="1" total="2" passed="1" failed="0" skipped="0">
  <reporter-output>
  </reporter-output>
  <suite started-at="2021-08-02T21:45:27 HAE" name="Default suite" finished-at="2021-08-02T21:45:36 HAE" duration-ms="9188">
    <groups>
    </groups>
    <test started-at="2021-08-02T21:45:27 HAE" name="Default test" finished-at="2021-08-02T21:45:36 HAE" duration-ms="9188">
      <class name="pack1_maven.LoginTest">
        <test-method is-config="true" signature="setup()[pri:0, instance:pack1_maven.LoginTest@66f57048]" started-at="2021-08-02T21:45:27 HAE" name="setup" finished-at="2021-08-02T21:45:30 HAE" duration-ms="2829" status="PASS">
          <reporter-output>
          </reporter-output>
        </test-method> <!-- setup -->
        <test-method signature="synchTest()[pri:0, instance:pack1_maven.LoginTest@66f57048]" started-at="2021-08-02T21:45:30 HAE" name="synchTest" finished-at="2021-08-02T21:45:36 HAE" duration-ms="6331" status="PASS">
          <reporter-output>
          </reporter-output>
        </test-method> <!-- synchTest -->
        <test-method is-config="true" signature="tearDown()[pri:0, instance:pack1_maven.LoginTest@66f57048]" started-at="2021-08-02T21:45:36 HAE" name="tearDown" finished-at="2021-08-02T21:45:36 HAE" duration-ms="1" status="PASS">
          <reporter-output>
          </reporter-output>
        </test-method> <!-- tearDown -->
      </class> <!-- pack1_maven.LoginTest -->
    </test> <!-- Default test -->
  </suite> <!-- Default suite -->
</testng-results>
